Using pre-set license
Built from '2021.1/staging' branch; Version is '2021.1.25f1 (b6f2b893ea32) revision 11989688'; Using compiler version '192528614'; Build Type 'Release'
OS: 'Windows 10 Pro; OS build 19043.1348; Version 2009; 64bit' Language: 'es' Physical Memory: 6078 MB
BatchMode: 1, IsHumanControllingUs: 0, StartBugReporterOnCrash: 0, Is64bit: 1, IsPro: 0

COMMAND LINE ARGUMENTS:
C:\Program Files\Unity\Hub\Editor\2021.1.25f1\Editor\Unity.exe
-adb2
-batchMode
-noUpm
-name
AssetImportWorker0
-projectPath
D:/Proyectos Unity/proyectoFinal
-logFile
Logs/AssetImportWorker0.log
-srvPort
50125
Successfully changed project path to: D:/Proyectos Unity/proyectoFinal
D:/Proyectos Unity/proyectoFinal
Using Asset Import Pipeline V2.
Refreshing native plugins compatible for Editor in 102.29 ms, found 3 plugins.
Preloading 0 native plugins for Editor in 0.00 ms.
Initialize engine version: 2021.1.25f1 (b6f2b893ea32)
[Subsystems] Discovering subsystems at path C:/Program Files/Unity/Hub/Editor/2021.1.25f1/Editor/Data/Resources/UnitySubsystems
[Subsystems] Discovering subsystems at path D:/Proyectos Unity/proyectoFinal/Assets
GfxDevice: creating device client; threaded=0; jobified=0
Direct3D:
    Version:  Direct3D 11.0 [level 11.1]
    Renderer: AMD Radeon(TM) Vega 8 Graphics (ID=0x15d8)
    Vendor:   ATI
    VRAM:     3039 MB
    Driver:   30.0.13014.8
Initialize mono
Mono path[0] = 'C:/Program Files/Unity/Hub/Editor/2021.1.25f1/Editor/Data/Managed'
Mono path[1] = 'C:/Program Files/Unity/Hub/Editor/2021.1.25f1/Editor/Data/MonoBleedingEdge/lib/mono/unityjit'
Mono config path = 'C:/Program Files/Unity/Hub/Editor/2021.1.25f1/Editor/Data/MonoBleedingEdge/etc'
Using monoOptions --debugger-agent=transport=dt_socket,embedding=1,server=y,suspend=n,address=127.0.0.1:56104
Begin MonoManager ReloadAssembly
Registering precompiled unity dll's ...
Register platform support module: C:/Program Files/Unity/Hub/Editor/2021.1.25f1/Editor/Data/PlaybackEngines/WindowsStandaloneSupport/UnityEditor.WindowsStandalone.Extensions.dll
Registered in 0.001698 seconds.
Native extension for WindowsStandalone target not found
Refreshing native plugins compatible for Editor in 109.66 ms, found 3 plugins.
Preloading 0 native plugins for Editor in 0.00 ms.
Mono: successfully reloaded assembly
- Completed reload, in  2.243 seconds
Domain Reload Profiling:
	ReloadAssembly (2244ms)
		BeginReloadAssembly (78ms)
			ExecutionOrderSort (0ms)
			DisableScriptedObjects (0ms)
			BackupInstance (0ms)
			ReleaseScriptingObjects (0ms)
			CreateAndSetChildDomain (1ms)
		EndReloadAssembly (632ms)
			LoadAssemblies (76ms)
			RebuildTransferFunctionScriptingTraits (0ms)
			SetupTypeCache (207ms)
			ReleaseScriptCaches (0ms)
			RebuildScriptCaches (33ms)
			SetupLoadedEditorAssemblies (329ms)
				LogAssemblyErrors (0ms)
				InitializePlatformSupportModulesInManaged (9ms)
				SetLoadedEditorAssemblies (0ms)
				RefreshPlugins (110ms)
				BeforeProcessingInitializeOnLoad (2ms)
				ProcessInitializeOnLoadAttributes (155ms)
				ProcessInitializeOnLoadMethodAttributes (52ms)
				AfterProcessingInitializeOnLoad (0ms)
				EditorAssembliesLoaded (0ms)
			ExecutionOrderSort2 (0ms)
			AwakeInstancesAfterBackupRestoration (0ms)
Platform modules already initialized, skipping
Registering precompiled user dll's ...
Registered in 0.005022 seconds.
Begin MonoManager ReloadAssembly
Symbol file LoadedFromMemory doesn't match image D:\Proyectos Unity\proyectoFinal\Library\PackageCache\com.unity.visualscripting@1.6.1\Editor\VisualScripting.Core\Dependencies\YamlDotNet\Unity.VisualScripting.YamlDotNet.dll
Symbol file LoadedFromMemory doesn't match image D:\Proyectos Unity\proyectoFinal\Library\PackageCache\com.unity.visualscripting@1.6.1\Editor\VisualScripting.Core\Dependencies\DotNetZip\Unity.VisualScripting.IonicZip.dll
Native extension for WindowsStandalone target not found
Refreshing native plugins compatible for Editor in 0.73 ms, found 3 plugins.
Preloading 0 native plugins for Editor in 0.00 ms.
Mono: successfully reloaded assembly
- Completed reload, in  2.008 seconds
Domain Reload Profiling:
	ReloadAssembly (2009ms)
		BeginReloadAssembly (187ms)
			ExecutionOrderSort (0ms)
			DisableScriptedObjects (5ms)
			BackupInstance (0ms)
			ReleaseScriptingObjects (0ms)
			CreateAndSetChildDomain (22ms)
		EndReloadAssembly (1748ms)
			LoadAssemblies (799ms)
			RebuildTransferFunctionScriptingTraits (0ms)
			SetupTypeCache (410ms)
			ReleaseScriptCaches (1ms)
			RebuildScriptCaches (57ms)
			SetupLoadedEditorAssemblies (363ms)
				LogAssemblyErrors (0ms)
				InitializePlatformSupportModulesInManaged (6ms)
				SetLoadedEditorAssemblies (1ms)
				RefreshPlugins (1ms)
				BeforeProcessingInitializeOnLoad (76ms)
				ProcessInitializeOnLoadAttributes (263ms)
				ProcessInitializeOnLoadMethodAttributes (7ms)
				AfterProcessingInitializeOnLoad (8ms)
				EditorAssembliesLoaded (0ms)
			ExecutionOrderSort2 (0ms)
			AwakeInstancesAfterBackupRestoration (8ms)
Platform modules already initialized, skipping
========================================================================
Worker process is ready to serve import requests
Launched and connected shader compiler UnityShaderCompiler.exe after 0.09 seconds
Refreshing native plugins compatible for Editor in 0.74 ms, found 3 plugins.
Preloading 0 native plugins for Editor in 0.00 ms.
Unloading 2953 Unused Serialized files (Serialized files now loaded: 0)
System memory in use before: 120.2 MB.
System memory in use after: 120.4 MB.

Unloading 20 unused Assets to reduce memory usage. Loaded Objects now: 3413.
Total: 4.167000 ms (FindLiveObjects: 0.322300 ms CreateObjectMapping: 0.119100 ms MarkObjects: 3.659400 ms  DeleteObjects: 0.064900 ms)

AssetImportParameters requested are different than current active one (requested -> active):
  custom:framework-win-MediaFoundation: 216162199b28c13a410421893ffa2e32 -> 
  custom:video-decoder-ogg-theora: a1e56fd34408186e4bbccfd4996cb3dc -> 
  custom:container-muxer-webm: aa71ff27fc2769a1b78a27578f13a17b -> 
  custom:container-demuxer-webm: 4f35f7cbe854078d1ac9338744f61a02 -> 
  custom:container-demuxer-ogg: 62fdf1f143b41e24485cea50d1cbac27 -> 
  custom:video-encoder-webm-vp8: eb34c28f22e8b96e1ab97ce403110664 -> 
  custom:video-decoder-webm-vp8: 9c59270c3fd7afecdb556c50c9e8de78 -> 
  custom:audio-decoder-ogg-vorbis: bf7c407c2cedff20999df2af8eb42d56 -> 
  custom:audio-encoder-webm-vorbis: bf7c407c2cedff20999df2af8eb42d56 -> 
========================================================================
Received Import Request.
  path: Assets/ModularLowpolyStreetsFree/Materials/Roads/Textures/Crossroads-1-lines-circ_Normal.png
  artifactKey: Guid(f7c73d20fcb30194580917eae6199a73) Importer(815301076,1909f56bfc062723c751e8b465ee728b)
Start importing Assets/ModularLowpolyStreetsFree/Materials/Roads/Textures/Crossroads-1-lines-circ_Normal.png using Guid(f7c73d20fcb30194580917eae6199a73) Importer(815301076,1909f56bfc062723c751e8b465ee728b)  -> (artifact id: '404fd99bdf3f59bf8710e3f04da8f2fc') in 0.247343 seconds 
========================================================================
Received Import Request.
  Time since last request: 0.000431 seconds.
  path: Assets/ModularLowpolyStreetsFree/Materials/Roads/Textures/Road-1-line-turn-1_Normal.png
  artifactKey: Guid(ac6806ca25b8d8d44b74be5c18c560c3) Importer(815301076,1909f56bfc062723c751e8b465ee728b)
Start importing Assets/ModularLowpolyStreetsFree/Materials/Roads/Textures/Road-1-line-turn-1_Normal.png using Guid(ac6806ca25b8d8d44b74be5c18c560c3) Importer(815301076,1909f56bfc062723c751e8b465ee728b)  -> (artifact id: 'b82e211b290c3f867afaf409ce6bcfdd') in 0.087181 seconds 
========================================================================
Received Import Request.
  Time since last request: 0.000231 seconds.
  path: Assets/ModularLowpolyStreetsFree/Materials/Roads/Crossroads-1-lines-walk.mat
  artifactKey: Guid(206d16026d8514549bfa91a62e6a7f5d) Importer(815301076,1909f56bfc062723c751e8b465ee728b)
Start importing Assets/ModularLowpolyStreetsFree/Materials/Roads/Crossroads-1-lines-walk.mat using Guid(206d16026d8514549bfa91a62e6a7f5d) Importer(815301076,1909f56bfc062723c751e8b465ee728b)  -> (artifact id: '82ee81676d8bbd4c6679e8d002a734f6') in 0.218714 seconds 
========================================================================
Received Import Request.
  Time since last request: 0.000346 seconds.
  path: Assets/ModularLowpolyStreetsFree/Materials/Roads/Textures/Road-1-line-turn-1_AlbedoGloss.png
  artifactKey: Guid(04feb797db3af6c429bbfad006fa00bf) Importer(815301076,1909f56bfc062723c751e8b465ee728b)
Start importing Assets/ModularLowpolyStreetsFree/Materials/Roads/Textures/Road-1-line-turn-1_AlbedoGloss.png using Guid(04feb797db3af6c429bbfad006fa00bf) Importer(815301076,1909f56bfc062723c751e8b465ee728b)  -> (artifact id: '59874bb5d3fa26baab529bee54dfff03') in 0.074827 seconds 
========================================================================
Received Import Request.
  Time since last request: 0.000237 seconds.
  path: Assets/ModularLowpolyStreetsFree/Materials/Roads/Textures/Border_AlbedoGloss.png
  artifactKey: Guid(058a3fcbc1b65df499fd588df334e07a) Importer(815301076,1909f56bfc062723c751e8b465ee728b)
Start importing Assets/ModularLowpolyStreetsFree/Materials/Roads/Textures/Border_AlbedoGloss.png using Guid(058a3fcbc1b65df499fd588df334e07a) Importer(815301076,1909f56bfc062723c751e8b465ee728b)  -> (artifact id: '3037aacba9824eb458922a5d17e5b567') in 0.039200 seconds 
========================================================================
Received Import Request.
  Time since last request: 0.000241 seconds.
  path: Assets/ModularLowpolyStreetsFree/Materials/Roads/Textures/Road-1-line-turn-2_Normal.png
  artifactKey: Guid(7b3e4714eab68d74099ff4a8f280b58d) Importer(815301076,1909f56bfc062723c751e8b465ee728b)
Start importing Assets/ModularLowpolyStreetsFree/Materials/Roads/Textures/Road-1-line-turn-2_Normal.png using Guid(7b3e4714eab68d74099ff4a8f280b58d) Importer(815301076,1909f56bfc062723c751e8b465ee728b)  -> (artifact id: 'f305aae42b55cf8cd7be80efda76d3f4') in 0.014589 seconds 
========================================================================
Received Import Request.
  Time since last request: 0.000248 seconds.
  path: Assets/ModularLowpolyStreetsFree/Materials/Roads/Border.mat
  artifactKey: Guid(49658c6e81bdb5542adfcb43a4324d86) Importer(815301076,1909f56bfc062723c751e8b465ee728b)
Start importing Assets/ModularLowpolyStreetsFree/Materials/Roads/Border.mat using Guid(49658c6e81bdb5542adfcb43a4324d86) Importer(815301076,1909f56bfc062723c751e8b465ee728b)  -> (artifact id: '580774a987f9c2c242ff291a5da0c888') in 0.048799 seconds 
========================================================================
Received Import Request.
  Time since last request: 0.000226 seconds.
  path: Assets/ModularLowpolyStreetsFree/Materials/Roads/Textures/Crossroads-1-lines-2-walk_AlbedoGloss.png
  artifactKey: Guid(85726c6f2d7dcc9419744e1a61daacad) Importer(815301076,1909f56bfc062723c751e8b465ee728b)
Start importing Assets/ModularLowpolyStreetsFree/Materials/Roads/Textures/Crossroads-1-lines-2-walk_AlbedoGloss.png using Guid(85726c6f2d7dcc9419744e1a61daacad) Importer(815301076,1909f56bfc062723c751e8b465ee728b)  -> (artifact id: 'eaf7f07804c17fceda59f4f72443165f') in 0.108615 seconds 
========================================================================
Received Import Request.
  Time since last request: 0.000229 seconds.
  path: Assets/ModularLowpolyStreetsFree/Materials/Roads/Textures/Crossroads-1-lines-walk_AlbedoGloss.png
  artifactKey: Guid(7a4865adc0775244680dd0944a0424c1) Importer(815301076,1909f56bfc062723c751e8b465ee728b)
Start importing Assets/ModularLowpolyStreetsFree/Materials/Roads/Textures/Crossroads-1-lines-walk_AlbedoGloss.png using Guid(7a4865adc0775244680dd0944a0424c1) Importer(815301076,1909f56bfc062723c751e8b465ee728b)  -> (artifact id: '80494341e58d03b3876ecda0ddb5f595') in 0.016101 seconds 
========================================================================
Received Import Request.
  Time since last request: 0.000165 seconds.
  path: Assets/ModularLowpolyStreetsFree/Materials/Roads/Textures/Crossroads-1-lines-circ_AlbedoGloss.png
  artifactKey: Guid(4f8e615bb9ba3a240af2a4d892bda8ff) Importer(815301076,1909f56bfc062723c751e8b465ee728b)
Start importing Assets/ModularLowpolyStreetsFree/Materials/Roads/Textures/Crossroads-1-lines-circ_AlbedoGloss.png using Guid(4f8e615bb9ba3a240af2a4d892bda8ff) Importer(815301076,1909f56bfc062723c751e8b465ee728b)  -> (artifact id: 'c3628ea590d64fc0ac27859f26abe019') in 0.085639 seconds 
========================================================================
Received Import Request.
  Time since last request: 0.000234 seconds.
  path: Assets/ModularLowpolyStreetsFree/Materials/Roads/Textures/Road-1-line_Normal.png
  artifactKey: Guid(055603b0f19c46e468d181389ad7321b) Importer(815301076,1909f56bfc062723c751e8b465ee728b)
Start importing Assets/ModularLowpolyStreetsFree/Materials/Roads/Textures/Road-1-line_Normal.png using Guid(055603b0f19c46e468d181389ad7321b) Importer(815301076,1909f56bfc062723c751e8b465ee728b)  -> (artifact id: '81b6ad815f2a927dd8d93b42a9a060dd') in 0.024184 seconds 
========================================================================
Received Import Request.
  Time since last request: 0.000219 seconds.
  path: Assets/ModularLowpolyStreetsFree/Materials/Roads/Road-1-line-turn-1.mat
  artifactKey: Guid(3a841dc28c751b64899dfd35e43a91f9) Importer(815301076,1909f56bfc062723c751e8b465ee728b)
Start importing Assets/ModularLowpolyStreetsFree/Materials/Roads/Road-1-line-turn-1.mat using Guid(3a841dc28c751b64899dfd35e43a91f9) Importer(815301076,1909f56bfc062723c751e8b465ee728b)  -> (artifact id: 'f1dc81d82b0ae4a1386724955607420a') in 0.026963 seconds 
========================================================================
Received Import Request.
  Time since last request: 0.000466 seconds.
  path: Assets/ModularLowpolyStreetsFree/Materials/Roads/Textures/Crossroads-1-lines-2-walk_Normal.png
  artifactKey: Guid(fab8e5ca7774fa041a5d7cd3374e9eba) Importer(815301076,1909f56bfc062723c751e8b465ee728b)
Start importing Assets/ModularLowpolyStreetsFree/Materials/Roads/Textures/Crossroads-1-lines-2-walk_Normal.png using Guid(fab8e5ca7774fa041a5d7cd3374e9eba) Importer(815301076,1909f56bfc062723c751e8b465ee728b)  -> (artifact id: '7f8417220d73cc2d88f5e62984fc82c1') in 0.164784 seconds 
========================================================================
Received Import Request.
  Time since last request: 0.000217 seconds.
  path: Assets/ModularLowpolyStreetsFree/Materials/Roads/Textures/Road-1-line-turn-2_AlbedoGloss.png
  artifactKey: Guid(11a8cded0aa4e0b44bc9e20ab1064dda) Importer(815301076,1909f56bfc062723c751e8b465ee728b)
Start importing Assets/ModularLowpolyStreetsFree/Materials/Roads/Textures/Road-1-line-turn-2_AlbedoGloss.png using Guid(11a8cded0aa4e0b44bc9e20ab1064dda) Importer(815301076,1909f56bfc062723c751e8b465ee728b)  -> (artifact id: 'e9823522940a6bec1b6a3b6521d74566') in 0.015389 seconds 
========================================================================
Received Import Request.
  Time since last request: 0.000221 seconds.
  path: Assets/ModularLowpolyStreetsFree/Materials/Roads/Textures/Border_Normal.png
  artifactKey: Guid(5d6d0cf21efda314ea33c79250a847ff) Importer(815301076,1909f56bfc062723c751e8b465ee728b)
Start importing Assets/ModularLowpolyStreetsFree/Materials/Roads/Textures/Border_Normal.png using Guid(5d6d0cf21efda314ea33c79250a847ff) Importer(815301076,1909f56bfc062723c751e8b465ee728b)  -> (artifact id: '9be9feeca399d730ed0340233e6bbfd3') in 0.013266 seconds 
========================================================================
Received Import Request.
  Time since last request: 0.000268 seconds.
  path: Assets/ModularLowpolyStreetsFree/Materials/Roads/Textures/Pavement_Normal.png
  artifactKey: Guid(4772b2b72c2786448bc673269bbb6615) Importer(815301076,1909f56bfc062723c751e8b465ee728b)
Start importing Assets/ModularLowpolyStreetsFree/Materials/Roads/Textures/Pavement_Normal.png using Guid(4772b2b72c2786448bc673269bbb6615) Importer(815301076,1909f56bfc062723c751e8b465ee728b)  -> (artifact id: '141a475724f13a729a0cd5ea2121fe48') in 0.158225 seconds 
========================================================================
Received Import Request.
  Time since last request: 0.000345 seconds.
  path: Assets/ModularLowpolyStreetsFree/Materials/Roads/Crossroads-1-lines-circ.mat
  artifactKey: Guid(37bc864c159ad2b42af78734d8a63b8b) Importer(815301076,1909f56bfc062723c751e8b465ee728b)
Start importing Assets/ModularLowpolyStreetsFree/Materials/Roads/Crossroads-1-lines-circ.mat using Guid(37bc864c159ad2b42af78734d8a63b8b) Importer(815301076,1909f56bfc062723c751e8b465ee728b)  -> (artifact id: 'e64632e81eaa910e7a218aceb36db6d9') in 0.021713 seconds 
========================================================================
Received Import Request.
  Time since last request: 0.000260 seconds.
  path: Assets/ModularLowpolyStreetsFree/Materials/Roads/Pavement.mat
  artifactKey: Guid(ad9b23eb22f4c5d4eab51aaec94fda13) Importer(815301076,1909f56bfc062723c751e8b465ee728b)
Start importing Assets/ModularLowpolyStreetsFree/Materials/Roads/Pavement.mat using Guid(ad9b23eb22f4c5d4eab51aaec94fda13) Importer(815301076,1909f56bfc062723c751e8b465ee728b)  -> (artifact id: '3c74c120a4908a49cc02deb6793dae14') in 0.484264 seconds 
========================================================================
Received Import Request.
  Time since last request: 0.000268 seconds.
  path: Assets/ModularLowpolyStreetsFree/Materials/Roads/Crossroads-1-lines-walk-2.mat
  artifactKey: Guid(6e29508a3a906694a8ac20b7ddae7087) Importer(815301076,1909f56bfc062723c751e8b465ee728b)
Start importing Assets/ModularLowpolyStreetsFree/Materials/Roads/Crossroads-1-lines-walk-2.mat using Guid(6e29508a3a906694a8ac20b7ddae7087) Importer(815301076,1909f56bfc062723c751e8b465ee728b)  -> (artifact id: '2262352e0c0385e0d283a3e743745ef2') in 0.028889 seconds 
========================================================================
Received Import Request.
  Time since last request: 0.000253 seconds.
  path: Assets/ModularLowpolyStreetsFree/Materials/Roads/Textures/Road-1-line_AlbedoGloss.png
  artifactKey: Guid(673f0ecbe7e97d54180a40c34685f11e) Importer(815301076,1909f56bfc062723c751e8b465ee728b)
Start importing Assets/ModularLowpolyStreetsFree/Materials/Roads/Textures/Road-1-line_AlbedoGloss.png using Guid(673f0ecbe7e97d54180a40c34685f11e) Importer(815301076,1909f56bfc062723c751e8b465ee728b)  -> (artifact id: 'f9f890490bb2c7e8569abd809de3f6c1') in 0.183927 seconds 
========================================================================
Received Import Request.
  Time since last request: 0.000248 seconds.
  path: Assets/ModularLowpolyStreetsFree/Materials/Roads/Textures/Crossroads-1-lines-walk_Normal.png
  artifactKey: Guid(2b8db04b957e7a64db38a3b1c360562d) Importer(815301076,1909f56bfc062723c751e8b465ee728b)
Start importing Assets/ModularLowpolyStreetsFree/Materials/Roads/Textures/Crossroads-1-lines-walk_Normal.png using Guid(2b8db04b957e7a64db38a3b1c360562d) Importer(815301076,1909f56bfc062723c751e8b465ee728b)  -> (artifact id: '86256c137a7bca6d54df6f5432c65a4b') in 0.132411 seconds 
========================================================================
Received Import Request.
  Time since last request: 0.000245 seconds.
  path: Assets/ModularLowpolyStreetsFree/Materials/Roads/Road-1-line-turn-2.mat
  artifactKey: Guid(e95b96e568a89b04eada01942ea3d4ca) Importer(815301076,1909f56bfc062723c751e8b465ee728b)
Start importing Assets/ModularLowpolyStreetsFree/Materials/Roads/Road-1-line-turn-2.mat using Guid(e95b96e568a89b04eada01942ea3d4ca) Importer(815301076,1909f56bfc062723c751e8b465ee728b)  -> (artifact id: '3761bdfff0e025565026fb66ec2ed143') in 0.089675 seconds 
========================================================================
Received Import Request.
  Time since last request: 0.000256 seconds.
  path: Assets/ModularLowpolyStreetsFree/Materials/Roads/Textures/Pavement_AlbedoGloss.png
  artifactKey: Guid(7407d73a62bba1a4b8b183b3caf851c3) Importer(815301076,1909f56bfc062723c751e8b465ee728b)
Start importing Assets/ModularLowpolyStreetsFree/Materials/Roads/Textures/Pavement_AlbedoGloss.png using Guid(7407d73a62bba1a4b8b183b3caf851c3) Importer(815301076,1909f56bfc062723c751e8b465ee728b)  -> (artifact id: '53fe620a28fd4ac60298bd8943890ed1') in 0.019640 seconds 
========================================================================
Received Import Request.
  Time since last request: 0.000248 seconds.
  path: Assets/ModularLowpolyStreetsFree/Materials/Roads/Road-1-line.mat
  artifactKey: Guid(b78fe0de0f0a3f64f8b4f76f3b06a45a) Importer(815301076,1909f56bfc062723c751e8b465ee728b)
Start importing Assets/ModularLowpolyStreetsFree/Materials/Roads/Road-1-line.mat using Guid(b78fe0de0f0a3f64f8b4f76f3b06a45a) Importer(815301076,1909f56bfc062723c751e8b465ee728b)  -> (artifact id: '832e276cbc0b4bcbb274e8881ef6e830') in 0.179657 seconds 
========================================================================
Received Import Request.
  Time since last request: 4.523452 seconds.
  path: Assets/ModularLowpolyStreetsFree/FBX/Bench.fbx
  artifactKey: Guid(19f535191901b8f4cadc26f7ebcff86a) Importer(815301076,1909f56bfc062723c751e8b465ee728b)
Start importing Assets/ModularLowpolyStreetsFree/FBX/Bench.fbx using Guid(19f535191901b8f4cadc26f7ebcff86a) Importer(815301076,1909f56bfc062723c751e8b465ee728b)  -> (artifact id: '069b4a7a14f1380e092cbcf0b3de5243') in 1.171988 seconds 
========================================================================
Received Import Request.
  Time since last request: 0.000300 seconds.
  path: Assets/ModularLowpolyStreetsFree/FBX/Poles.fbx
  artifactKey: Guid(4b30a538401fa8c4f81f8aacda48f9e1) Importer(815301076,1909f56bfc062723c751e8b465ee728b)
Start importing Assets/ModularLowpolyStreetsFree/FBX/Poles.fbx using Guid(4b30a538401fa8c4f81f8aacda48f9e1) Importer(815301076,1909f56bfc062723c751e8b465ee728b)  -> (artifact id: '6ed8a6289d94caa09575ce251f7b517b') in 0.305808 seconds 
========================================================================
Received Import Request.
  Time since last request: 0.000241 seconds.
  path: Assets/ModularLowpolyStreetsFree/FBX/Cafe.fbx
  artifactKey: Guid(0f7c378b468572947938ef4e2664ee4f) Importer(815301076,1909f56bfc062723c751e8b465ee728b)
Start importing Assets/ModularLowpolyStreetsFree/FBX/Cafe.fbx using Guid(0f7c378b468572947938ef4e2664ee4f) Importer(815301076,1909f56bfc062723c751e8b465ee728b)  -> (artifact id: '25e16dc118bdb54a31aae02cd271c40f') in 0.433962 seconds 
========================================================================
Received Import Request.
  Time since last request: 0.000256 seconds.
  path: Assets/ModularLowpolyStreetsFree/FBX/Nature.fbx
  artifactKey: Guid(71b44a86250cd7c4e9a9975b56b36bb3) Importer(815301076,1909f56bfc062723c751e8b465ee728b)
Start importing Assets/ModularLowpolyStreetsFree/FBX/Nature.fbx using Guid(71b44a86250cd7c4e9a9975b56b36bb3) Importer(815301076,1909f56bfc062723c751e8b465ee728b)  -> (artifact id: '5e3a84755a0183dc90551bbda89b1059') in 0.144757 seconds 
========================================================================
Received Import Request.
  Time since last request: 0.000271 seconds.
  path: Assets/ModularLowpolyStreetsFree/FBX/Other.fbx
  artifactKey: Guid(1ee711c742045db4b974dba96af4d48d) Importer(815301076,1909f56bfc062723c751e8b465ee728b)
Start importing Assets/ModularLowpolyStreetsFree/FBX/Other.fbx using Guid(1ee711c742045db4b974dba96af4d48d) Importer(815301076,1909f56bfc062723c751e8b465ee728b)  -> (artifact id: 'd4b86408370f42ea5e6ea02bf8f77036') in 0.348916 seconds 
========================================================================
Received Import Request.
  Time since last request: 0.000249 seconds.
  path: Assets/ModularLowpolyStreetsFree/FBX/Roads.fbx
  artifactKey: Guid(8f631a0560592c44890f879375e84e52) Importer(815301076,1909f56bfc062723c751e8b465ee728b)
Start importing Assets/ModularLowpolyStreetsFree/FBX/Roads.fbx using Guid(8f631a0560592c44890f879375e84e52) Importer(815301076,1909f56bfc062723c751e8b465ee728b)  -> (artifact id: '8a0be9f234ddd7aa69849c0f4c118906') in 0.172205 seconds 
========================================================================
Received Import Request.
  Time since last request: 0.000262 seconds.
  path: Assets/ModularLowpolyStreetsFree/FBX/TrafficLights.fbx
  artifactKey: Guid(116fe633af9b7dc4a81956394e891e60) Importer(815301076,1909f56bfc062723c751e8b465ee728b)
Start importing Assets/ModularLowpolyStreetsFree/FBX/TrafficLights.fbx using Guid(116fe633af9b7dc4a81956394e891e60) Importer(815301076,1909f56bfc062723c751e8b465ee728b)  -> (artifact id: '2fe791e49f611317807b3dfe1c84073a') in 0.151391 seconds 
========================================================================
Received Import Request.
  Time since last request: 18.986913 seconds.
  path: Assets/PolygonPi/FenceLayout/Example/ExampleTerrain.asset
  artifactKey: Guid(a7c13d42294141c4c86db06247ea2d75) Importer(815301076,1909f56bfc062723c751e8b465ee728b)
Start importing Assets/PolygonPi/FenceLayout/Example/ExampleTerrain.asset using Guid(a7c13d42294141c4c86db06247ea2d75) Importer(815301076,1909f56bfc062723c751e8b465ee728b)  -> (artifact id: 'ef90cff43a5ec6aab83ff94b5c060a13') in 0.126428 seconds 
========================================================================
Received Import Request.
  Time since last request: 0.000234 seconds.
  path: Assets/PolygonPi/FenceLayout/Example/TreesPrefab.prefab
  artifactKey: Guid(80b3b77ed9e3e3a42955d7f0086d5eaf) Importer(815301076,1909f56bfc062723c751e8b465ee728b)
Start importing Assets/PolygonPi/FenceLayout/Example/TreesPrefab.prefab using Guid(80b3b77ed9e3e3a42955d7f0086d5eaf) Importer(815301076,1909f56bfc062723c751e8b465ee728b)  -> (artifact id: 'b93a74670e8bd27aa280fea8402189e8') in 0.015042 seconds 
========================================================================
Received Import Request.
  Time since last request: 0.000222 seconds.
  path: Assets/PolygonPi/FenceLayout/Example/FencePanel.prefab
  artifactKey: Guid(b9c7a183a7a2e004cb24435cb080a708) Importer(815301076,1909f56bfc062723c751e8b465ee728b)
Start importing Assets/PolygonPi/FenceLayout/Example/FencePanel.prefab using Guid(b9c7a183a7a2e004cb24435cb080a708) Importer(815301076,1909f56bfc062723c751e8b465ee728b)  -> (artifact id: '4f351b439de3b0319d122a848d9b3962') in 0.074870 seconds 
========================================================================
Received Import Request.
  Time since last request: 0.000235 seconds.
  path: Assets/PolygonPi/FenceLayout/Example/WoodMat.mat
  artifactKey: Guid(254fa9f855dcc914da4ffb2260edfa6e) Importer(815301076,1909f56bfc062723c751e8b465ee728b)
Start importing Assets/PolygonPi/FenceLayout/Example/WoodMat.mat using Guid(254fa9f855dcc914da4ffb2260edfa6e) Importer(815301076,1909f56bfc062723c751e8b465ee728b)  -> (artifact id: 'c5b65ae8f3db3dc188b8dc026717036b') in 0.024280 seconds 
========================================================================
Received Import Request.
  Time since last request: 0.000230 seconds.
  path: Assets/PolygonPi/FenceLayout/Example/ExampleTerrain2018.asset
  artifactKey: Guid(843e96d070df0e8499f362b1d12458be) Importer(815301076,1909f56bfc062723c751e8b465ee728b)
Start importing Assets/PolygonPi/FenceLayout/Example/ExampleTerrain2018.asset using Guid(843e96d070df0e8499f362b1d12458be) Importer(815301076,1909f56bfc062723c751e8b465ee728b)  -> (artifact id: '5e516ee43db0ff7b03a253e6b7efdaa3') in 0.156543 seconds 
========================================================================
Received Import Request.
  Time since last request: 0.000218 seconds.
  path: Assets/PolygonPi/FenceLayout/Example/FencePost.prefab
  artifactKey: Guid(cab90c40ab6e48540b863bd64860e39a) Importer(815301076,1909f56bfc062723c751e8b465ee728b)
Start importing Assets/PolygonPi/FenceLayout/Example/FencePost.prefab using Guid(cab90c40ab6e48540b863bd64860e39a) Importer(815301076,1909f56bfc062723c751e8b465ee728b)  -> (artifact id: '703f04c79fe268dcd6c96203fcc18ab6') in 0.022982 seconds 
========================================================================
Received Import Request.
  Time since last request: 0.000253 seconds.
  path: Assets/PolygonPi/FenceLayout/Example/wood.png
  artifactKey: Guid(768d2fd3e8ff1f347a258af72ee83da4) Importer(815301076,1909f56bfc062723c751e8b465ee728b)
Start importing Assets/PolygonPi/FenceLayout/Example/wood.png using Guid(768d2fd3e8ff1f347a258af72ee83da4) Importer(815301076,1909f56bfc062723c751e8b465ee728b)  -> (artifact id: '9560135dd1524413ddd1384fe8b73c42') in 0.021286 seconds 
========================================================================
Received Import Request.
  Time since last request: 0.000231 seconds.
  path: Assets/PolygonPi/FenceLayout/Example/FencesPrefab.prefab
  artifactKey: Guid(ffa1d3d761e5eff468dffd01f0c94d77) Importer(815301076,1909f56bfc062723c751e8b465ee728b)
Start importing Assets/PolygonPi/FenceLayout/Example/FencesPrefab.prefab using Guid(ffa1d3d761e5eff468dffd01f0c94d77) Importer(815301076,1909f56bfc062723c751e8b465ee728b)  -> (artifact id: '83a7c6d5044f8bd50cffa1e7ae638955') in 0.010415 seconds 
========================================================================
Received Import Request.
  Time since last request: 0.000233 seconds.
  path: Assets/PolygonPi/FenceLayout/Example/GreenMat.mat
  artifactKey: Guid(8597b0f975ae5754580b9bc617045693) Importer(815301076,1909f56bfc062723c751e8b465ee728b)
Start importing Assets/PolygonPi/FenceLayout/Example/GreenMat.mat using Guid(8597b0f975ae5754580b9bc617045693) Importer(815301076,1909f56bfc062723c751e8b465ee728b)  -> (artifact id: '9798c9466293998548285d68a1deccf0') in 0.028424 seconds 
========================================================================
Received Import Request.
  Time since last request: 0.000268 seconds.
  path: Assets/PolygonPi/FenceLayout/Example/Tree.prefab
  artifactKey: Guid(2b1b86bc5a21a5146a27db99b2aa714f) Importer(815301076,1909f56bfc062723c751e8b465ee728b)
Start importing Assets/PolygonPi/FenceLayout/Example/Tree.prefab using Guid(2b1b86bc5a21a5146a27db99b2aa714f) Importer(815301076,1909f56bfc062723c751e8b465ee728b)  -> (artifact id: 'edd2bfb8f85c2a921048832e99209fc5') in 0.027061 seconds 
AssetImportWorkerClient::OnTransportError - code=2 error=End of file
